

MoneyMedia Started at Wednesday, June 22, 2011 4:57:51 PM
2011-06-22 16:57:51 - #-----------------------------------------------------------------------------
2011-06-22 16:57:51 - #
2011-06-22 16:57:51 - #
2011-06-22 16:57:51 - #-----------------------------------------------------------------------------
2011-06-22 16:57:51 - #DBNAME=lyris
2011-06-22 16:57:51 - #HOST=DJEFFERSON-T61\LYRIS
2011-06-22 16:57:51 - #USERID=CORP/Djefferson
2011-06-22 16:57:51 - #PASSWORD=magnolia01
2011-06-22 16:57:51 - # ----------------------------- Test Lyris ListManager Server ------------------------
2011-06-22 16:57:51 - DBNAME=lm10xtest
2011-06-22 16:57:51 - DBNAME=lm10xtest
2011-06-22 16:57:51 - HOST=db18.hosting.lyris.net
2011-06-22 16:57:51 - HOST=db18.hosting.lyris.net
2011-06-22 16:57:51 - USERID=lm10xtest
2011-06-22 16:57:51 - USERID=lm10xtest
2011-06-22 16:57:51 - PASSWORD=lm10testytesty
2011-06-22 16:57:51 - PASSWORD=lm10testytesty
2011-06-22 16:57:51 - 
2011-06-22 16:57:51 - 
2011-06-22 16:57:51 - 
2011-06-22 16:57:51 - 
2011-06-22 16:57:51 - DIRPATH=c:\projects\moneymedia\data\
2011-06-22 16:57:51 - DIRPATH=c:\projects\moneymedia\data\
2011-06-22 16:57:51 - ERRPATH=c:\temp\
2011-06-22 16:57:51 - ERRPATH=c:\temp\
2011-06-22 16:57:51 - LOGPATH=c:\temp\
2011-06-22 16:57:51 - LOGPATH=c:\temp\
2011-06-22 16:57:51 - EXTENSION=csv
2011-06-22 16:57:51 - EXTENSION=csv
2011-06-22 16:57:51 - DUPSPATH=c:\temp\
2011-06-22 16:57:51 - DUPSPATH=c:\temp\
