

MoneyMedia Started at Wednesday, June 22, 2011 4:25:11 PM
2011-06-22 16:25:11 - #-----------------------------------------------------------------------------
2011-06-22 16:25:11 - #
2011-06-22 16:25:11 - #
2011-06-22 16:25:11 - #-----------------------------------------------------------------------------
2011-06-22 16:25:11 - #DBNAME=lyris
2011-06-22 16:25:11 - #HOST=DJEFFERSON-T61\LYRIS
2011-06-22 16:25:11 - #USERID=CORP/Djefferson
2011-06-22 16:25:11 - #PASSWORD=magnolia01
2011-06-22 16:25:11 - # ----------------------------- Test Lyris ListManager Server ------------------------
2011-06-22 16:25:11 - DBNAME=lm10xtest
2011-06-22 16:25:11 - DBNAME=lm10xtest
2011-06-22 16:25:11 - HOST=db18.hosting.lyris.net
2011-06-22 16:25:11 - HOST=db18.hosting.lyris.net
2011-06-22 16:25:11 - USERID=lm10xtest
2011-06-22 16:25:11 - USERID=lm10xtest
2011-06-22 16:25:11 - PASSWORD=lm10testytesty
2011-06-22 16:25:11 - PASSWORD=lm10testytesty
2011-06-22 16:25:11 - 
2011-06-22 16:25:11 - 
2011-06-22 16:25:11 - 
2011-06-22 16:25:11 - 
2011-06-22 16:25:11 - DIRPATH=c:\projects\moneymedia\data\
2011-06-22 16:25:11 - DIRPATH=c:\projects\moneymedia\data\
2011-06-22 16:25:11 - ERRPATH=c:\temp\
2011-06-22 16:25:11 - ERRPATH=c:\temp\
2011-06-22 16:25:11 - LOGPATH=c:\temp\
2011-06-22 16:25:11 - LOGPATH=c:\temp\
2011-06-22 16:25:11 - EXTENSION=csv
2011-06-22 16:25:11 - EXTENSION=csv
2011-06-22 16:25:11 - DUPSPATH=c:\temp\
2011-06-22 16:25:11 - DUPSPATH=c:\temp\
