

MoneyMedia Started at Wednesday, June 22, 2011 4:48:39 PM
2011-06-22 16:48:39 - #-----------------------------------------------------------------------------
2011-06-22 16:48:39 - #
2011-06-22 16:48:39 - #
2011-06-22 16:48:39 - #-----------------------------------------------------------------------------
2011-06-22 16:48:39 - #DBNAME=lyris
2011-06-22 16:48:39 - #HOST=DJEFFERSON-T61\LYRIS
2011-06-22 16:48:39 - #USERID=CORP/Djefferson
2011-06-22 16:48:39 - #PASSWORD=magnolia01
2011-06-22 16:48:39 - # ----------------------------- Test Lyris ListManager Server ------------------------
2011-06-22 16:48:39 - DBNAME=lm10xtest
2011-06-22 16:48:39 - DBNAME=lm10xtest
2011-06-22 16:48:39 - HOST=db18.hosting.lyris.net
2011-06-22 16:48:39 - HOST=db18.hosting.lyris.net
2011-06-22 16:48:39 - USERID=lm10xtest
2011-06-22 16:48:39 - USERID=lm10xtest
2011-06-22 16:48:39 - PASSWORD=lm10testytesty
2011-06-22 16:48:39 - PASSWORD=lm10testytesty
2011-06-22 16:48:39 - 
2011-06-22 16:48:39 - 
2011-06-22 16:48:39 - 
2011-06-22 16:48:39 - 
2011-06-22 16:48:39 - DIRPATH=c:\projects\moneymedia\data\
2011-06-22 16:48:39 - DIRPATH=c:\projects\moneymedia\data\
2011-06-22 16:48:39 - ERRPATH=c:\temp\
2011-06-22 16:48:39 - ERRPATH=c:\temp\
2011-06-22 16:48:39 - LOGPATH=c:\temp\
2011-06-22 16:48:39 - LOGPATH=c:\temp\
2011-06-22 16:48:39 - EXTENSION=csv
2011-06-22 16:48:39 - EXTENSION=csv
2011-06-22 16:48:39 - DUPSPATH=c:\temp\
2011-06-22 16:48:39 - DUPSPATH=c:\temp\
