

MoneyMedia Started at Wednesday, June 22, 2011 4:44:57 PM
2011-06-22 16:44:57 - #-----------------------------------------------------------------------------
2011-06-22 16:44:57 - #
2011-06-22 16:44:57 - #
2011-06-22 16:44:57 - #-----------------------------------------------------------------------------
2011-06-22 16:44:57 - #DBNAME=lyris
2011-06-22 16:44:57 - #HOST=DJEFFERSON-T61\LYRIS
2011-06-22 16:44:57 - #USERID=CORP/Djefferson
2011-06-22 16:44:57 - #PASSWORD=magnolia01
2011-06-22 16:44:57 - # ----------------------------- Test Lyris ListManager Server ------------------------
2011-06-22 16:44:57 - DBNAME=lm10xtest
2011-06-22 16:44:57 - DBNAME=lm10xtest
2011-06-22 16:44:57 - HOST=db18.hosting.lyris.net
2011-06-22 16:44:57 - HOST=db18.hosting.lyris.net
2011-06-22 16:44:57 - USERID=lm10xtest
2011-06-22 16:44:57 - USERID=lm10xtest
2011-06-22 16:44:57 - PASSWORD=lm10testytesty
2011-06-22 16:44:57 - PASSWORD=lm10testytesty
2011-06-22 16:44:57 - 
2011-06-22 16:44:57 - 
2011-06-22 16:44:57 - 
2011-06-22 16:44:57 - 
2011-06-22 16:44:57 - DIRPATH=c:\projects\moneymedia\data\
2011-06-22 16:44:57 - DIRPATH=c:\projects\moneymedia\data\
2011-06-22 16:44:57 - ERRPATH=c:\temp\
2011-06-22 16:44:57 - ERRPATH=c:\temp\
2011-06-22 16:44:57 - LOGPATH=c:\temp\
2011-06-22 16:44:57 - LOGPATH=c:\temp\
2011-06-22 16:44:57 - EXTENSION=csv
2011-06-22 16:44:57 - EXTENSION=csv
2011-06-22 16:44:57 - DUPSPATH=c:\temp\
2011-06-22 16:44:57 - DUPSPATH=c:\temp\
