

MoneyMedia Started at Wednesday, June 22, 2011 4:46:42 PM
2011-06-22 16:46:42 - #-----------------------------------------------------------------------------
2011-06-22 16:46:42 - #
2011-06-22 16:46:42 - #
2011-06-22 16:46:42 - #-----------------------------------------------------------------------------
2011-06-22 16:46:42 - #DBNAME=lyris
2011-06-22 16:46:42 - #HOST=DJEFFERSON-T61\LYRIS
2011-06-22 16:46:42 - #USERID=CORP/Djefferson
2011-06-22 16:46:42 - #PASSWORD=magnolia01
2011-06-22 16:46:42 - # ----------------------------- Test Lyris ListManager Server ------------------------
2011-06-22 16:46:42 - DBNAME=lm10xtest
2011-06-22 16:46:42 - DBNAME=lm10xtest
2011-06-22 16:46:42 - HOST=db18.hosting.lyris.net
2011-06-22 16:46:42 - HOST=db18.hosting.lyris.net
2011-06-22 16:46:42 - USERID=lm10xtest
2011-06-22 16:46:42 - USERID=lm10xtest
2011-06-22 16:46:42 - PASSWORD=lm10testytesty
2011-06-22 16:46:42 - PASSWORD=lm10testytesty
2011-06-22 16:46:42 - 
2011-06-22 16:46:42 - 
2011-06-22 16:46:42 - 
2011-06-22 16:46:42 - 
2011-06-22 16:46:42 - DIRPATH=c:\projects\moneymedia\data\
2011-06-22 16:46:42 - DIRPATH=c:\projects\moneymedia\data\
2011-06-22 16:46:42 - ERRPATH=c:\temp\
2011-06-22 16:46:42 - ERRPATH=c:\temp\
2011-06-22 16:46:42 - LOGPATH=c:\temp\
2011-06-22 16:46:42 - LOGPATH=c:\temp\
2011-06-22 16:46:42 - EXTENSION=csv
2011-06-22 16:46:42 - EXTENSION=csv
2011-06-22 16:46:42 - DUPSPATH=c:\temp\
2011-06-22 16:46:42 - DUPSPATH=c:\temp\
