

MoneyMedia Started at Wednesday, June 22, 2011 4:30:15 PM
2011-06-22 16:30:15 - #-----------------------------------------------------------------------------
2011-06-22 16:30:15 - #
2011-06-22 16:30:15 - #
2011-06-22 16:30:15 - #-----------------------------------------------------------------------------
2011-06-22 16:30:15 - #DBNAME=lyris
2011-06-22 16:30:15 - #HOST=DJEFFERSON-T61\LYRIS
2011-06-22 16:30:15 - #USERID=CORP/Djefferson
2011-06-22 16:30:15 - #PASSWORD=magnolia01
2011-06-22 16:30:15 - # ----------------------------- Test Lyris ListManager Server ------------------------
2011-06-22 16:30:15 - DBNAME=lm10xtest
2011-06-22 16:30:15 - DBNAME=lm10xtest
2011-06-22 16:30:15 - HOST=db18.hosting.lyris.net
2011-06-22 16:30:15 - HOST=db18.hosting.lyris.net
2011-06-22 16:30:15 - USERID=lm10xtest
2011-06-22 16:30:15 - USERID=lm10xtest
2011-06-22 16:30:15 - PASSWORD=lm10testytesty
2011-06-22 16:30:15 - PASSWORD=lm10testytesty
2011-06-22 16:30:15 - 
2011-06-22 16:30:15 - 
2011-06-22 16:30:15 - 
2011-06-22 16:30:15 - 
2011-06-22 16:30:15 - DIRPATH=c:\projects\moneymedia\data\
2011-06-22 16:30:15 - DIRPATH=c:\projects\moneymedia\data\
2011-06-22 16:30:15 - ERRPATH=c:\temp\
2011-06-22 16:30:15 - ERRPATH=c:\temp\
2011-06-22 16:30:15 - LOGPATH=c:\temp\
2011-06-22 16:30:15 - LOGPATH=c:\temp\
2011-06-22 16:30:15 - EXTENSION=csv
2011-06-22 16:30:15 - EXTENSION=csv
2011-06-22 16:30:15 - DUPSPATH=c:\temp\
2011-06-22 16:30:15 - DUPSPATH=c:\temp\
