

MoneyMedia Started at Wednesday, June 22, 2011 10:33:53 PM
2011-06-22 22:33:53 - #-----------------------------------------------------------------------------
2011-06-22 22:33:53 - #
2011-06-22 22:33:53 - #
2011-06-22 22:33:53 - #-----------------------------------------------------------------------------
2011-06-22 22:33:53 - DBNAME=lyris
2011-06-22 22:33:53 - DBNAME=lyris
2011-06-22 22:33:53 - HOST=DJEFFERSON-T61\LYRIS
2011-06-22 22:33:53 - HOST=DJEFFERSON-T61\LYRIS
2011-06-22 22:33:53 - USERID=CORP/Djefferson
2011-06-22 22:33:53 - USERID=CORP/Djefferson
2011-06-22 22:33:53 - PASSWORD=magnolia01
2011-06-22 22:33:53 - PASSWORD=magnolia01
2011-06-22 22:33:53 - # ----------------------------- Test Lyris ListManager Server ------------------------
2011-06-22 22:33:53 - #DBNAME=lm10xtest
2011-06-22 22:33:53 - #HOST=db18.hosting.lyris.net
2011-06-22 22:33:53 - #USERID=lm10xtest
2011-06-22 22:33:53 - #PASSWORD=lm10testytesty
2011-06-22 22:33:53 - 
2011-06-22 22:33:53 - 
2011-06-22 22:33:53 - 
2011-06-22 22:33:53 - 
2011-06-22 22:33:53 - DIRPATH=c:\projects\moneymedia\data\
2011-06-22 22:33:53 - DIRPATH=c:\projects\moneymedia\data\
2011-06-22 22:33:53 - ERRPATH=c:\temp\
2011-06-22 22:33:53 - ERRPATH=c:\temp\
2011-06-22 22:33:53 - LOGPATH=c:\temp\
2011-06-22 22:33:53 - LOGPATH=c:\temp\
2011-06-22 22:33:53 - EXTENSION=csv
2011-06-22 22:33:53 - EXTENSION=csv
2011-06-22 22:33:53 - DUPSPATH=c:\temp\
2011-06-22 22:33:53 - DUPSPATH=c:\temp\
