

MoneyMedia Started at Wednesday, June 22, 2011 4:37:58 PM
2011-06-22 16:37:58 - #-----------------------------------------------------------------------------
2011-06-22 16:37:58 - #
2011-06-22 16:37:58 - #
2011-06-22 16:37:58 - #-----------------------------------------------------------------------------
2011-06-22 16:37:58 - #DBNAME=lyris
2011-06-22 16:37:58 - #HOST=DJEFFERSON-T61\LYRIS
2011-06-22 16:37:58 - #USERID=CORP/Djefferson
2011-06-22 16:37:58 - #PASSWORD=magnolia01
2011-06-22 16:37:58 - # ----------------------------- Test Lyris ListManager Server ------------------------
2011-06-22 16:37:58 - DBNAME=lm10xtest
2011-06-22 16:37:58 - DBNAME=lm10xtest
2011-06-22 16:37:58 - HOST=db18.hosting.lyris.net
2011-06-22 16:37:58 - HOST=db18.hosting.lyris.net
2011-06-22 16:37:58 - USERID=lm10xtest
2011-06-22 16:37:58 - USERID=lm10xtest
2011-06-22 16:37:58 - PASSWORD=lm10testytesty
2011-06-22 16:37:58 - PASSWORD=lm10testytesty
2011-06-22 16:37:58 - 
2011-06-22 16:37:58 - 
2011-06-22 16:37:58 - 
2011-06-22 16:37:58 - 
2011-06-22 16:37:58 - DIRPATH=c:\projects\moneymedia\data\
2011-06-22 16:37:58 - DIRPATH=c:\projects\moneymedia\data\
2011-06-22 16:37:58 - ERRPATH=c:\temp\
2011-06-22 16:37:58 - ERRPATH=c:\temp\
2011-06-22 16:37:58 - LOGPATH=c:\temp\
2011-06-22 16:37:58 - LOGPATH=c:\temp\
2011-06-22 16:37:58 - EXTENSION=csv
2011-06-22 16:37:58 - EXTENSION=csv
2011-06-22 16:37:58 - DUPSPATH=c:\temp\
2011-06-22 16:37:58 - DUPSPATH=c:\temp\
