

MoneyMedia Started at Wednesday, June 22, 2011 4:54:52 PM
2011-06-22 16:54:52 - #-----------------------------------------------------------------------------
2011-06-22 16:54:52 - #
2011-06-22 16:54:52 - #
2011-06-22 16:54:52 - #-----------------------------------------------------------------------------
2011-06-22 16:54:52 - #DBNAME=lyris
2011-06-22 16:54:52 - #HOST=DJEFFERSON-T61\LYRIS
2011-06-22 16:54:52 - #USERID=CORP/Djefferson
2011-06-22 16:54:52 - #PASSWORD=magnolia01
2011-06-22 16:54:52 - # ----------------------------- Test Lyris ListManager Server ------------------------
2011-06-22 16:54:52 - DBNAME=lm10xtest
2011-06-22 16:54:52 - DBNAME=lm10xtest
2011-06-22 16:54:52 - HOST=db18.hosting.lyris.net
2011-06-22 16:54:52 - HOST=db18.hosting.lyris.net
2011-06-22 16:54:52 - USERID=lm10xtest
2011-06-22 16:54:52 - USERID=lm10xtest
2011-06-22 16:54:52 - PASSWORD=lm10testytesty
2011-06-22 16:54:52 - PASSWORD=lm10testytesty
2011-06-22 16:54:52 - 
2011-06-22 16:54:52 - 
2011-06-22 16:54:52 - 
2011-06-22 16:54:52 - 
2011-06-22 16:54:52 - DIRPATH=c:\projects\moneymedia\data\
2011-06-22 16:54:52 - DIRPATH=c:\projects\moneymedia\data\
2011-06-22 16:54:52 - ERRPATH=c:\temp\
2011-06-22 16:54:52 - ERRPATH=c:\temp\
2011-06-22 16:54:52 - LOGPATH=c:\temp\
2011-06-22 16:54:52 - LOGPATH=c:\temp\
2011-06-22 16:54:52 - EXTENSION=csv
2011-06-22 16:54:52 - EXTENSION=csv
2011-06-22 16:54:52 - DUPSPATH=c:\temp\
2011-06-22 16:54:52 - DUPSPATH=c:\temp\
